[0m[1mmodule.waf.aws_cloudwatch_log_group.waf_logs: Creating...[0m[0m
[0m[1mmodule.monitoring.aws_sns_topic.alarm_topic: Creating...[0m[0m
[0m[1mmodule.network.aws_vpc.main: Creating...[0m[0m
[0m[1mmodule.waf.aws_wafv2_web_acl.waf: Creating...[0m[0m
[0m[1mmodule.waf.aws_cloudwatch_log_group.waf_logs: Creation complete after 1s [id=aws-waf-logs-group-chapter-33][0m
[0m[1mmodule.waf.aws_cloudwatch_log_metric_filter.waf_block_filter: Creating...[0m[0m
[0m[1mmodule.waf.aws_cloudwatch_log_metric_filter.waf_block_filter: Creation complete after 0s [id=chapter-33-WAFBlockedRequestsFilter][0m
[0m[1mmodule.monitoring.aws_sns_topic.alarm_topic: Creation complete after 1s [id=arn:aws:sns:ap-northeast-1:650788308971:ALARM][0m
[0m[1mmodule.monitoring.aws_sns_topic_subscription.email_subscription: Creating...[0m[0m
[0m[1mmodule.waf.aws_cloudwatch_metric_alarm.waf_block_alarm: Creating...[0m[0m
[0m[1mmodule.monitoring.aws_sns_topic_subscription.email_subscription: Creation complete after 1s [id=arn:aws:sns:ap-northeast-1:650788308971:ALARM:95bfc41e-6b41-4a1e-9e53-7ab94b7cc360][0m
[0m[1mmodule.waf.aws_cloudwatch_metric_alarm.waf_block_alarm: Creation complete after 1s [id=chapter-33-WAF-Blocked-Requests-Alarm][0m
[0m[1mmodule.waf.aws_wafv2_web_acl.waf: Creation complete after 1s [id=994ecbed-b571-4f0e-8e90-9bc822b4aa0a][0m
[0m[1mmodule.waf.aws_wafv2_web_acl_logging_configuration.waf_configuration: Creating...[0m[0m
[0m[1mmodule.network.aws_vpc.main: Creation complete after 2s [id=vpc-018dd8b3f02dfa3d0][0m
[0m[1mmodule.alb.aws_security_group.alb_sg: Creating...[0m[0m
[0m[1mmodule.network.aws_route_table.private: Creating...[0m[0m
[0m[1mmodule.network.aws_subnet.private_1c: Creating...[0m[0m
[0m[1mmodule.network.aws_subnet.private_1a: Creating...[0m[0m
[0m[1mmodule.network.aws_internet_gateway.main: Creating...[0m[0m
[0m[1mmodule.network.aws_subnet.public_1c: Creating...[0m[0m
[0m[1mmodule.network.aws_route_table.public: Creating...[0m[0m
[0m[1mmodule.network.aws_subnet.public_1a: Creating...[0m[0m
[0m[1mmodule.rds.aws_security_group.rds_sg: Creating...[0m[0m
[0m[1mmodule.waf.aws_wafv2_web_acl_logging_configuration.waf_configuration: Creation complete after 0s [id=arn:aws:wafv2:ap-northeast-1:650788308971:regional/webacl/chapter-33-web-acl/994ecbed-b571-4f0e-8e90-9bc822b4aa0a][0m
[0m[1mmodule.alb.aws_lb_target_group.alb_target_group: Creating...[0m[0m
[0m[1mmodule.network.aws_internet_gateway.main: Creation complete after 1s [id=igw-00251f75ee1cb7d65][0m
[0m[1mmodule.ec2.aws_security_group.ec2_sg: Creating...[0m[0m
[0m[1mmodule.network.aws_route_table.private: Creation complete after 1s [id=rtb-0a3b1e85cfd650079][0m
[0m[1mmodule.network.aws_subnet.private_1a: Creation complete after 1s [id=subnet-0bacbb3dab0e316af][0m
[0m[1mmodule.network.aws_route_table_association.private_1a: Creating...[0m[0m
[0m[1mmodule.network.aws_route_table.public: Creation complete after 1s [id=rtb-07f777774cbef9326][0m
[0m[1mmodule.network.aws_route.default: Creating...[0m[0m
[0m[1mmodule.network.aws_route_table_association.private_1a: Creation complete after 1s [id=rtbassoc-077a1f2b9d1c7c4b5][0m
[0m[1mmodule.alb.aws_lb_target_group.alb_target_group: Creation complete after 2s [id=arn:aws:elasticloadbalancing:ap-northeast-1:650788308971:targetgroup/tf-20250618110418306000000005/2f23894424790852][0m
[0m[1mmodule.network.aws_route.default: Creation complete after 1s [id=r-rtb-07f777774cbef93261080289494][0m
[0m[1mmodule.network.aws_subnet.private_1c: Creation complete after 3s [id=subnet-0f76c28c325f66c92][0m
[0m[1mmodule.network.aws_route_table_association.private_1c: Creating...[0m[0m
[0m[1mmodule.rds.aws_db_subnet_group.DB_subnet_group: Creating...[0m[0m
[0m[1mmodule.rds.aws_security_group.rds_sg: Creation complete after 3s [id=sg-08440c2eaa165520a][0m
[0m[1mmodule.network.aws_route_table_association.private_1c: Creation complete after 0s [id=rtbassoc-016d880e14f598fa7][0m
[0m[1mmodule.alb.aws_security_group.alb_sg: Creation complete after 4s [id=sg-0ca5c4b3cf0595dff][0m
[0m[1mmodule.ec2.aws_security_group.ec2_sg: Creation complete after 3s [id=sg-0883d070a76a0c984][0m
[0m[1mmodule.rds.aws_security_group_rule.ingress: Creating...[0m[0m
[0m[1mmodule.rds.aws_db_subnet_group.DB_subnet_group: Creation complete after 2s [id=terraform-20250618110420746500000007][0m
[0m[1mmodule.rds.aws_db_instance.main: Creating...[0m[0m
[0m[1mmodule.rds.aws_security_group_rule.ingress: Creation complete after 1s [id=sgrule-429378194][0m
[0m[1mmodule.network.aws_subnet.public_1c: Still creating... [00m10s elapsed][0m[0m
[0m[1mmodule.network.aws_subnet.public_1a: Still creating... [00m10s elapsed][0m[0m
[0m[1mmodule.network.aws_subnet.public_1c: Creation complete after 12s [id=subnet-0a5c52c4a745fd2c7][0m
[0m[1mmodule.network.aws_route_table_association.public_1c: Creating...[0m[0m
[0m[1mmodule.network.aws_subnet.public_1a: Creation complete after 12s [id=subnet-070eee49d84b9ce37][0m
[0m[1mmodule.network.aws_route_table_association.public_1a: Creating...[0m[0m
[0m[1mmodule.alb.aws_lb.main: Creating...[0m[0m
[0m[1mmodule.ec2.aws_instance.main: Creating...[0m[0m
[0m[1mmodule.network.aws_route_table_association.public_1c: Creation complete after 0s [id=rtbassoc-042d5ac6ef734fd16][0m
[0m[1mmodule.network.aws_route_table_association.public_1a: Creation complete after 1s [id=rtbassoc-00f3e291d3f02a7bc][0m
[0m[1mmodule.rds.aws_db_instance.main: Still creating... [00m10s elapsed][0m[0m
[0m[1mmodule.alb.aws_lb.main: Still creating... [00m10s elapsed][0m[0m
[0m[1mmodule.ec2.aws_instance.main: Still creating... [00m10s elapsed][0m[0m
[0m[1mmodule.rds.aws_db_instance.main: Still creating... [00m20s elapsed][0m[0m
[0m[1mmodule.alb.aws_lb.main: Still creating... [00m20s elapsed][0m[0m
[0m[1mmodule.ec2.aws_instance.main: Still creating... [00m20s elapsed][0m[0m
[0m[1mmodule.rds.aws_db_instance.main: Still creating... [00m30s elapsed][0m[0m
[0m[1mmodule.alb.aws_lb.main: Still creating... [00m30s elapsed][0m[0m
[0m[1mmodule.ec2.aws_instance.main: Still creating... [00m30s elapsed][0m[0m
[0m[1mmodule.rds.aws_db_instance.main: Still creating... [00m40s elapsed][0m[0m
[0m[1mmodule.ec2.aws_instance.main: Creation complete after 33s [id=i-07a176dd3f706e312][0m
[0m[1mmodule.alb.aws_lb_target_group_attachment.target_ec2: Creating...[0m[0m
[0m[1mmodule.monitoring.aws_cloudwatch_metric_alarm.high_cpu_alarm: Creating...[0m[0m
[0m[1mmodule.alb.aws_lb_target_group_attachment.target_ec2: Creation complete after 0s [id=arn:aws:elasticloadbalancing:ap-northeast-1:650788308971:targetgroup/tf-20250618110418306000000005/2f23894424790852-2025061811050349160000000b][0m
[0m[1mmodule.monitoring.aws_cloudwatch_metric_alarm.high_cpu_alarm: Creation complete after 1s [id=high-cpu-alarm][0m
[0m[1mmodule.alb.aws_lb.main: Still creating... [00m40s elapsed][0m[0m
[0m[1mmodule.rds.aws_db_instance.main: Still creating... [00m50s elapsed][0m[0m
[0m[1mmodule.alb.aws_lb.main: Still creating... [00m50s elapsed][0m[0m
[0m[1mmodule.rds.aws_db_instance.main: Still creating... [01m00s elapsed][0m[0m
[0m[1mmodule.alb.aws_lb.main: Still creating... [01m00s elapsed][0m[0m
[0m[1mmodule.rds.aws_db_instance.main: Still creating... [01m10s elapsed][0m[0m
[0m[1mmodule.alb.aws_lb.main: Still creating... [01m10s elapsed][0m[0m
[0m[1mmodule.rds.aws_db_instance.main: Still creating... [01m20s elapsed][0m[0m
[0m[1mmodule.alb.aws_lb.main: Still creating... [01m20s elapsed][0m[0m
[0m[1mmodule.rds.aws_db_instance.main: Still creating... [01m30s elapsed][0m[0m
[0m[1mmodule.alb.aws_lb.main: Still creating... [01m30s elapsed][0m[0m
[0m[1mmodule.rds.aws_db_instance.main: Still creating... [01m40s elapsed][0m[0m
[0m[1mmodule.alb.aws_lb.main: Still creating... [01m40s elapsed][0m[0m
[0m[1mmodule.rds.aws_db_instance.main: Still creating... [01m50s elapsed][0m[0m
[0m[1mmodule.alb.aws_lb.main: Still creating... [01m50s elapsed][0m[0m
[0m[1mmodule.rds.aws_db_instance.main: Still creating... [02m00s elapsed][0m[0m
[0m[1mmodule.alb.aws_lb.main: Still creating... [02m00s elapsed][0m[0m
[0m[1mmodule.rds.aws_db_instance.main: Still creating... [02m10s elapsed][0m[0m
[0m[1mmodule.alb.aws_lb.main: Still creating... [02m10s elapsed][0m[0m
[0m[1mmodule.rds.aws_db_instance.main: Still creating... [02m20s elapsed][0m[0m
[0m[1mmodule.alb.aws_lb.main: Still creating... [02m20s elapsed][0m[0m
[0m[1mmodule.rds.aws_db_instance.main: Still creating... [02m30s elapsed][0m[0m
[0m[1mmodule.alb.aws_lb.main: Still creating... [02m30s elapsed][0m[0m
[0m[1mmodule.rds.aws_db_instance.main: Still creating... [02m40s elapsed][0m[0m
[0m[1mmodule.alb.aws_lb.main: Still creating... [02m40s elapsed][0m[0m
[0m[1mmodule.rds.aws_db_instance.main: Still creating... [02m50s elapsed][0m[0m
[0m[1mmodule.alb.aws_lb.main: Still creating... [02m50s elapsed][0m[0m
[0m[1mmodule.rds.aws_db_instance.main: Still creating... [03m00s elapsed][0m[0m
[0m[1mmodule.alb.aws_lb.main: Creation complete after 2m54s [id=arn:aws:elasticloadbalancing:ap-northeast-1:650788308971:loadbalancer/app/tf-lb-20250618110429837300000009/fad01be28079657e][0m
[0m[1mmodule.alb.aws_lb_listener.listener: Creating...[0m[0m
[0m[1mmodule.waf.aws_wafv2_web_acl_association.web_acl_association: Creating...[0m[0m
[0m[1mmodule.alb.aws_lb_listener.listener: Creation complete after 1s [id=arn:aws:elasticloadbalancing:ap-northeast-1:650788308971:listener/app/tf-lb-20250618110429837300000009/fad01be28079657e/dfda23139e98d2cf][0m
[0m[1mmodule.waf.aws_wafv2_web_acl_association.web_acl_association: Creation complete after 3s [id=arn:aws:wafv2:ap-northeast-1:650788308971:regional/webacl/chapter-33-web-acl/994ecbed-b571-4f0e-8e90-9bc822b4aa0a,arn:aws:elasticloadbalancing:ap-northeast-1:650788308971:loadbalancer/app/tf-lb-20250618110429837300000009/fad01be28079657e][0m
[0m[1mmodule.rds.aws_db_instance.main: Still creating... [03m10s elapsed][0m[0m
[0m[1mmodule.rds.aws_db_instance.main: Still creating... [03m20s elapsed][0m[0m
[0m[1mmodule.rds.aws_db_instance.main: Still creating... [03m30s elapsed][0m[0m
[0m[1mmodule.rds.aws_db_instance.main: Still creating... [03m40s elapsed][0m[0m
[0m[1mmodule.rds.aws_db_instance.main: Still creating... [03m50s elapsed][0m[0m
[0m[1mmodule.rds.aws_db_instance.main: Still creating... [04m00s elapsed][0m[0m
[0m[1mmodule.rds.aws_db_instance.main: Still creating... [04m10s elapsed][0m[0m
[0m[1mmodule.rds.aws_db_instance.main: Still creating... [04m20s elapsed][0m[0m
[0m[1mmodule.rds.aws_db_instance.main: Still creating... [04m30s elapsed][0m[0m
[0m[1mmodule.rds.aws_db_instance.main: Still creating... [04m40s elapsed][0m[0m
[0m[1mmodule.rds.aws_db_instance.main: Still creating... [04m50s elapsed][0m[0m
[0m[1mmodule.rds.aws_db_instance.main: Still creating... [05m00s elapsed][0m[0m
[0m[1mmodule.rds.aws_db_instance.main: Still creating... [05m10s elapsed][0m[0m
[0m[1mmodule.rds.aws_db_instance.main: Still creating... [05m20s elapsed][0m[0m
[0m[1mmodule.rds.aws_db_instance.main: Still creating... [05m30s elapsed][0m[0m
[0m[1mmodule.rds.aws_db_instance.main: Still creating... [05m40s elapsed][0m[0m
[0m[1mmodule.rds.aws_db_instance.main: Still creating... [05m50s elapsed][0m[0m
[0m[1mmodule.rds.aws_db_instance.main: Still creating... [06m00s elapsed][0m[0m
[0m[1mmodule.rds.aws_db_instance.main: Still creating... [06m10s elapsed][0m[0m
[0m[1mmodule.rds.aws_db_instance.main: Creation complete after 6m19s [id=db-5XNDHA3WF3U3OOID6N7FA4BCME][0m
[0m[1m[32m
Apply complete! Resources: 33 added, 0 changed, 0 destroyed.
[0m